{"/Users/josephjophy/Downloads/project/backend/routes/login.js": {"path":"/Users/josephjophy/Downloads/project/backend/routes/login.js","statementMap":{"0":{"start":{"line":1,"column":16},"end":{"line":1,"column":34}},"1":{"start":{"line":3,"column":15},"end":{"line":3,"column":24}},"2":{"start":{"line":5,"column":17},"end":{"line":5,"column":36}},"3":{"start":{"line":7,"column":15},"end":{"line":7,"column":32}},"4":{"start":{"line":9,"column":13},"end":{"line":9,"column":28}},"5":{"start":{"line":11,"column":0},"end":{"line":11,"column":27}},"6":{"start":{"line":13,"column":0},"end":{"line":13,"column":19}},"7":{"start":{"line":16,"column":19},"end":{"line":19,"column":4}},"8":{"start":{"line":21,"column":15},"end":{"line":21,"column":49}},"9":{"start":{"line":24,"column":0},"end":{"line":26,"column":2}},"10":{"start":{"line":25,"column":4},"end":{"line":25,"column":24}},"11":{"start":{"line":29,"column":0},"end":{"line":41,"column":7}},"12":{"start":{"line":30,"column":6},"end":{"line":40,"column":7}},"13":{"start":{"line":31,"column":25},"end":{"line":31,"column":42}},"14":{"start":{"line":32,"column":25},"end":{"line":32,"column":42}},"15":{"start":{"line":33,"column":25},"end":{"line":33,"column":27}},"16":{"start":{"line":34,"column":31},"end":{"line":34,"column":70}},"17":{"start":{"line":35,"column":21},"end":{"line":35,"column":79}},"18":{"start":{"line":36,"column":8},"end":{"line":36,"column":26}},"19":{"start":{"line":37,"column":8},"end":{"line":37,"column":36}},"20":{"start":{"line":39,"column":8},"end":{"line":39,"column":26}},"21":{"start":{"line":45,"column":0},"end":{"line":60,"column":7}},"22":{"start":{"line":46,"column":7},"end":{"line":59,"column":8}},"23":{"start":{"line":47,"column":25},"end":{"line":47,"column":44}},"24":{"start":{"line":48,"column":25},"end":{"line":48,"column":44}},"25":{"start":{"line":49,"column":25},"end":{"line":49,"column":27}},"26":{"start":{"line":50,"column":26},"end":{"line":50,"column":66}},"27":{"start":{"line":52,"column":8},"end":{"line":56,"column":9}},"28":{"start":{"line":53,"column":10},"end":{"line":53,"column":36}},"29":{"start":{"line":55,"column":10},"end":{"line":55,"column":37}},"30":{"start":{"line":58,"column":8},"end":{"line":58,"column":55}},"31":{"start":{"line":64,"column":0},"end":{"line":64,"column":23}}},"fnMap":{"0":{"name":"(anonymous_0)","decl":{"start":{"line":24,"column":16},"end":{"line":24,"column":17}},"loc":{"start":{"line":24,"column":34},"end":{"line":26,"column":1}},"line":24},"1":{"name":"(anonymous_1)","decl":{"start":{"line":29,"column":25},"end":{"line":29,"column":26}},"loc":{"start":{"line":29,"column":45},"end":{"line":41,"column":5}},"line":29},"2":{"name":"(anonymous_2)","decl":{"start":{"line":45,"column":35},"end":{"line":45,"column":36}},"loc":{"start":{"line":45,"column":55},"end":{"line":60,"column":5}},"line":45}},"branchMap":{"0":{"loc":{"start":{"line":52,"column":8},"end":{"line":56,"column":9}},"type":"if","locations":[{"start":{"line":52,"column":8},"end":{"line":56,"column":9}},{"start":{"line":54,"column":13},"end":{"line":56,"column":9}}],"line":52}},"s":{"0":1,"1":1,"2":1,"3":1,"4":1,"5":1,"6":1,"7":1,"8":1,"9":1,"10":1,"11":1,"12":1,"13":1,"14":1,"15":1,"16":1,"17":1,"18":1,"19":1,"20":0,"21":1,"22":2,"23":2,"24":2,"25":2,"26":2,"27":2,"28":1,"29":1,"30":0,"31":1},"f":{"0":1,"1":1,"2":2},"b":{"0":[1,1]},"_coverageSchema":"1a1c01bbd47fc00a2c39e90264f33305004495a9","hash":"e1362a4e7a46fc8076d81edaf461d549f97be02b"}
,"/Users/josephjophy/Downloads/project/backend/routes/pricing.js": {"path":"/Users/josephjophy/Downloads/project/backend/routes/pricing.js","statementMap":{"0":{"start":{"line":1,"column":16},"end":{"line":1,"column":34}},"1":{"start":{"line":3,"column":15},"end":{"line":3,"column":24}},"2":{"start":{"line":5,"column":17},"end":{"line":5,"column":36}},"3":{"start":{"line":7,"column":13},"end":{"line":7,"column":28}},"4":{"start":{"line":9,"column":0},"end":{"line":9,"column":27}},"5":{"start":{"line":11,"column":0},"end":{"line":11,"column":19}},"6":{"start":{"line":13,"column":0},"end":{"line":15,"column":2}},"7":{"start":{"line":14,"column":5},"end":{"line":14,"column":25}},"8":{"start":{"line":18,"column":0},"end":{"line":39,"column":3}},"9":{"start":{"line":19,"column":5},"end":{"line":37,"column":6}},"10":{"start":{"line":20,"column":22},"end":{"line":20,"column":41}},"11":{"start":{"line":21,"column":25},"end":{"line":21,"column":47}},"12":{"start":{"line":22,"column":30},"end":{"line":22,"column":57}},"13":{"start":{"line":23,"column":26},"end":{"line":23,"column":30}},"14":{"start":{"line":25,"column":28},"end":{"line":25,"column":56}},"15":{"start":{"line":26,"column":31},"end":{"line":26,"column":57}},"16":{"start":{"line":27,"column":36},"end":{"line":27,"column":71}},"17":{"start":{"line":28,"column":33},"end":{"line":28,"column":35}},"18":{"start":{"line":30,"column":20},"end":{"line":30,"column":119}},"19":{"start":{"line":32,"column":28},"end":{"line":32,"column":49}},"20":{"start":{"line":33,"column":5},"end":{"line":33,"column":30}},"21":{"start":{"line":36,"column":10},"end":{"line":36,"column":26}},"22":{"start":{"line":41,"column":0},"end":{"line":41,"column":24}}},"fnMap":{"0":{"name":"(anonymous_0)","decl":{"start":{"line":13,"column":16},"end":{"line":13,"column":17}},"loc":{"start":{"line":13,"column":34},"end":{"line":15,"column":1}},"line":13},"1":{"name":"(anonymous_1)","decl":{"start":{"line":18,"column":56},"end":{"line":18,"column":57}},"loc":{"start":{"line":18,"column":76},"end":{"line":39,"column":1}},"line":18}},"branchMap":{"0":{"loc":{"start":{"line":25,"column":28},"end":{"line":25,"column":56}},"type":"cond-expr","locations":[{"start":{"line":25,"column":47},"end":{"line":25,"column":50}},{"start":{"line":25,"column":53},"end":{"line":25,"column":56}}],"line":25},"1":{"loc":{"start":{"line":26,"column":31},"end":{"line":26,"column":57}},"type":"cond-expr","locations":[{"start":{"line":26,"column":50},"end":{"line":26,"column":53}},{"start":{"line":26,"column":56},"end":{"line":26,"column":57}}],"line":26},"2":{"loc":{"start":{"line":27,"column":36},"end":{"line":27,"column":71}},"type":"cond-expr","locations":[{"start":{"line":27,"column":62},"end":{"line":27,"column":65}},{"start":{"line":27,"column":68},"end":{"line":27,"column":71}}],"line":27}},"s":{"0":1,"1":1,"2":1,"3":1,"4":1,"5":1,"6":1,"7":1,"8":1,"9":3,"10":3,"11":3,"12":3,"13":3,"14":3,"15":3,"16":3,"17":3,"18":3,"19":3,"20":3,"21":0,"22":1},"f":{"0":1,"1":3},"b":{"0":[2,1],"1":[2,1],"2":[3,0]},"_coverageSchema":"1a1c01bbd47fc00a2c39e90264f33305004495a9","hash":"25bd3e32a1d3f25315b545f658259454aa1c4fcb"}
,"/Users/josephjophy/Downloads/project/backend/routes/profile.js": {"path":"/Users/josephjophy/Downloads/project/backend/routes/profile.js","statementMap":{"0":{"start":{"line":1,"column":16},"end":{"line":1,"column":34}},"1":{"start":{"line":3,"column":15},"end":{"line":3,"column":24}},"2":{"start":{"line":5,"column":17},"end":{"line":5,"column":36}},"3":{"start":{"line":7,"column":13},"end":{"line":7,"column":28}},"4":{"start":{"line":9,"column":0},"end":{"line":9,"column":27}},"5":{"start":{"line":11,"column":0},"end":{"line":11,"column":19}},"6":{"start":{"line":13,"column":22},"end":{"line":21,"column":4}},"7":{"start":{"line":23,"column":18},"end":{"line":23,"column":58}},"8":{"start":{"line":26,"column":2},"end":{"line":28,"column":3}},"9":{"start":{"line":27,"column":4},"end":{"line":27,"column":24}},"10":{"start":{"line":32,"column":2},"end":{"line":36,"column":3}},"11":{"start":{"line":33,"column":6},"end":{"line":35,"column":55}},"12":{"start":{"line":34,"column":26},"end":{"line":34,"column":48}},"13":{"start":{"line":35,"column":18},"end":{"line":35,"column":53}},"14":{"start":{"line":40,"column":2},"end":{"line":56,"column":4}},"15":{"start":{"line":41,"column":4},"end":{"line":55,"column":7}},"16":{"start":{"line":42,"column":25},"end":{"line":42,"column":42}},"17":{"start":{"line":43,"column":25},"end":{"line":43,"column":42}},"18":{"start":{"line":44,"column":25},"end":{"line":44,"column":42}},"19":{"start":{"line":45,"column":25},"end":{"line":45,"column":42}},"20":{"start":{"line":46,"column":21},"end":{"line":46,"column":34}},"21":{"start":{"line":47,"column":22},"end":{"line":47,"column":36}},"22":{"start":{"line":48,"column":24},"end":{"line":48,"column":40}},"23":{"start":{"line":50,"column":24},"end":{"line":50,"column":161}},"24":{"start":{"line":51,"column":8},"end":{"line":51,"column":29}},"25":{"start":{"line":52,"column":8},"end":{"line":52,"column":36}},"26":{"start":{"line":54,"column":8},"end":{"line":54,"column":59}},"27":{"start":{"line":61,"column":2},"end":{"line":77,"column":4}},"28":{"start":{"line":62,"column":6},"end":{"line":76,"column":7}},"29":{"start":{"line":63,"column":25},"end":{"line":63,"column":42}},"30":{"start":{"line":64,"column":25},"end":{"line":64,"column":42}},"31":{"start":{"line":65,"column":25},"end":{"line":65,"column":42}},"32":{"start":{"line":66,"column":25},"end":{"line":66,"column":42}},"33":{"start":{"line":67,"column":21},"end":{"line":67,"column":34}},"34":{"start":{"line":68,"column":22},"end":{"line":68,"column":36}},"35":{"start":{"line":69,"column":24},"end":{"line":69,"column":40}},"36":{"start":{"line":71,"column":8},"end":{"line":71,"column":159}},"37":{"start":{"line":72,"column":8},"end":{"line":72,"column":34}},"38":{"start":{"line":75,"column":8},"end":{"line":75,"column":41}},"39":{"start":{"line":79,"column":0},"end":{"line":79,"column":24}}},"fnMap":{"0":{"name":"(anonymous_0)","decl":{"start":{"line":26,"column":18},"end":{"line":26,"column":19}},"loc":{"start":{"line":26,"column":38},"end":{"line":28,"column":1}},"line":26},"1":{"name":"(anonymous_1)","decl":{"start":{"line":32,"column":27},"end":{"line":32,"column":28}},"loc":{"start":{"line":32,"column":47},"end":{"line":36,"column":1}},"line":32},"2":{"name":"(anonymous_2)","decl":{"start":{"line":34,"column":11},"end":{"line":34,"column":12}},"loc":{"start":{"line":34,"column":26},"end":{"line":34,"column":48}},"line":34},"3":{"name":"(anonymous_3)","decl":{"start":{"line":35,"column":11},"end":{"line":35,"column":12}},"loc":{"start":{"line":35,"column":18},"end":{"line":35,"column":53}},"line":35},"4":{"name":"(anonymous_4)","decl":{"start":{"line":40,"column":29},"end":{"line":40,"column":30}},"loc":{"start":{"line":40,"column":46},"end":{"line":56,"column":3}},"line":40},"5":{"name":"(anonymous_5)","decl":{"start":{"line":61,"column":32},"end":{"line":61,"column":33}},"loc":{"start":{"line":61,"column":49},"end":{"line":77,"column":3}},"line":61}},"branchMap":{},"s":{"0":1,"1":1,"2":1,"3":1,"4":1,"5":1,"6":1,"7":1,"8":1,"9":1,"10":1,"11":2,"12":2,"13":0,"14":1,"15":1,"16":1,"17":1,"18":1,"19":1,"20":1,"21":1,"22":1,"23":1,"24":1,"25":1,"26":0,"27":1,"28":1,"29":1,"30":1,"31":1,"32":1,"33":1,"34":1,"35":1,"36":1,"37":1,"38":0,"39":1},"f":{"0":1,"1":2,"2":2,"3":0,"4":1,"5":1},"b":{},"_coverageSchema":"1a1c01bbd47fc00a2c39e90264f33305004495a9","hash":"6aa7b3ac9e3534635832d4e7a2a9d485389afabd"}
,"/Users/josephjophy/Downloads/project/backend/routes/quotes.js": {"path":"/Users/josephjophy/Downloads/project/backend/routes/quotes.js","statementMap":{"0":{"start":{"line":1,"column":16},"end":{"line":1,"column":34}},"1":{"start":{"line":3,"column":15},"end":{"line":3,"column":24}},"2":{"start":{"line":5,"column":17},"end":{"line":5,"column":36}},"3":{"start":{"line":8,"column":13},"end":{"line":8,"column":28}},"4":{"start":{"line":10,"column":0},"end":{"line":10,"column":27}},"5":{"start":{"line":12,"column":0},"end":{"line":12,"column":19}},"6":{"start":{"line":15,"column":20},"end":{"line":15,"column":26}},"7":{"start":{"line":17,"column":20},"end":{"line":24,"column":4}},"8":{"start":{"line":26,"column":16},"end":{"line":26,"column":52}},"9":{"start":{"line":28,"column":2},"end":{"line":30,"column":3}},"10":{"start":{"line":29,"column":4},"end":{"line":29,"column":24}},"11":{"start":{"line":33,"column":2},"end":{"line":52,"column":5}},"12":{"start":{"line":34,"column":4},"end":{"line":50,"column":7}},"13":{"start":{"line":35,"column":25},"end":{"line":35,"column":42}},"14":{"start":{"line":36,"column":24},"end":{"line":36,"column":40}},"15":{"start":{"line":37,"column":29},"end":{"line":37,"column":50}},"16":{"start":{"line":38,"column":24},"end":{"line":38,"column":40}},"17":{"start":{"line":39,"column":22},"end":{"line":39,"column":36}},"18":{"start":{"line":40,"column":31},"end":{"line":40,"column":44}},"19":{"start":{"line":43,"column":22},"end":{"line":43,"column":163}},"20":{"start":{"line":46,"column":8},"end":{"line":46,"column":27}},"21":{"start":{"line":47,"column":8},"end":{"line":47,"column":36}},"22":{"start":{"line":49,"column":8},"end":{"line":49,"column":59}},"23":{"start":{"line":57,"column":4},"end":{"line":62,"column":5}},"24":{"start":{"line":58,"column":23},"end":{"line":58,"column":42}},"25":{"start":{"line":59,"column":6},"end":{"line":61,"column":55}},"26":{"start":{"line":60,"column":20},"end":{"line":60,"column":37}},"27":{"start":{"line":61,"column":18},"end":{"line":61,"column":53}},"28":{"start":{"line":64,"column":0},"end":{"line":64,"column":23}}},"fnMap":{"0":{"name":"(anonymous_0)","decl":{"start":{"line":28,"column":18},"end":{"line":28,"column":19}},"loc":{"start":{"line":28,"column":38},"end":{"line":30,"column":1}},"line":28},"1":{"name":"(anonymous_1)","decl":{"start":{"line":33,"column":28},"end":{"line":33,"column":29}},"loc":{"start":{"line":33,"column":45},"end":{"line":52,"column":3}},"line":33},"2":{"name":"(anonymous_2)","decl":{"start":{"line":57,"column":42},"end":{"line":57,"column":43}},"loc":{"start":{"line":57,"column":62},"end":{"line":62,"column":3}},"line":57},"3":{"name":"(anonymous_3)","decl":{"start":{"line":60,"column":10},"end":{"line":60,"column":11}},"loc":{"start":{"line":60,"column":20},"end":{"line":60,"column":37}},"line":60},"4":{"name":"(anonymous_4)","decl":{"start":{"line":61,"column":11},"end":{"line":61,"column":12}},"loc":{"start":{"line":61,"column":18},"end":{"line":61,"column":53}},"line":61}},"branchMap":{},"s":{"0":1,"1":1,"2":1,"3":1,"4":1,"5":1,"6":1,"7":1,"8":1,"9":1,"10":1,"11":1,"12":2,"13":2,"14":2,"15":2,"16":2,"17":2,"18":2,"19":2,"20":2,"21":1,"22":1,"23":1,"24":1,"25":1,"26":1,"27":0,"28":1},"f":{"0":1,"1":2,"2":1,"3":1,"4":0},"b":{},"_coverageSchema":"1a1c01bbd47fc00a2c39e90264f33305004495a9","hash":"2da0cf3cc4265681e1d40a194067a8fd4d1a4a37"}
}
